<?xml version="1.0" encoding="UTF-8"?>
<coverage generated="1582133715">
  <project timestamp="1582133715">
    <package name="AdrienM\Collection">
      <file name="/home/adrien/Projects/Librairies/PHPCollection/src/Collection.php">
        <class name="AdrienM\Collection\Collection" namespace="AdrienM\Collection">
          <metrics complexity="49" methods="25" coveredmethods="25" conditionals="0" coveredconditionals="0" statements="81" coveredstatements="81" elements="106" coveredelements="106"/>
        </class>
        <line num="44" type="method" name="__construct" visibility="public" complexity="1" crap="1" count="27"/>
        <line num="46" type="stmt" count="27"/>
        <line num="47" type="stmt" count="27"/>
        <line num="48" type="stmt" count="27"/>
        <line num="55" type="method" name="from" visibility="public" complexity="1" crap="1" count="6"/>
        <line num="57" type="stmt" count="6"/>
        <line num="58" type="stmt" count="6"/>
        <line num="60" type="stmt" count="6"/>
        <line num="67" type="method" name="isEmpty" visibility="public" complexity="1" crap="1" count="27"/>
        <line num="69" type="stmt" count="27"/>
        <line num="76" type="method" name="length" visibility="public" complexity="1" crap="1" count="1"/>
        <line num="78" type="stmt" count="1"/>
        <line num="86" type="method" name="sum" visibility="public" complexity="8" crap="8" count="2"/>
        <line num="88" type="stmt" count="2"/>
        <line num="90" type="stmt" count="2"/>
        <line num="92" type="stmt" count="2"/>
        <line num="93" type="stmt" count="1"/>
        <line num="95" type="stmt" count="1"/>
        <line num="98" type="stmt" count="1"/>
        <line num="99" type="stmt" count="1"/>
        <line num="104" type="stmt" count="2"/>
        <line num="112" type="method" name="contains" visibility="public" complexity="1" crap="1" count="1"/>
        <line num="114" type="stmt" count="1"/>
        <line num="122" type="method" name="keyExists" visibility="public" complexity="1" crap="1" count="14"/>
        <line num="124" type="stmt" count="14"/>
        <line num="131" type="method" name="keys" visibility="public" complexity="1" crap="1" count="1"/>
        <line num="133" type="stmt" count="1"/>
        <line num="144" type="method" name="add" visibility="public" complexity="3" crap="3" count="20"/>
        <line num="146" type="stmt" count="20"/>
        <line num="148" type="stmt" count="8"/>
        <line num="150" type="stmt" count="1"/>
        <line num="151" type="stmt" count="1"/>
        <line num="153" type="stmt" count="1"/>
        <line num="155" type="stmt" count="8"/>
        <line num="159" type="stmt" count="13"/>
        <line num="162" type="stmt" count="20"/>
        <line num="171" type="method" name="push" visibility="public" complexity="3" crap="3" count="1"/>
        <line num="173" type="stmt" count="1"/>
        <line num="174" type="stmt" count="1"/>
        <line num="175" type="stmt" count="1"/>
        <line num="179" type="stmt" count="1"/>
        <line num="188" type="method" name="pushOnlyValues" visibility="public" complexity="2" crap="2" count="1"/>
        <line num="190" type="stmt" count="1"/>
        <line num="191" type="stmt" count="1"/>
        <line num="194" type="stmt" count="1"/>
        <line num="203" type="method" name="merge" visibility="public" complexity="2" crap="2" count="1"/>
        <line num="205" type="stmt" count="1"/>
        <line num="206" type="stmt" count="1"/>
        <line num="209" type="stmt" count="1"/>
        <line num="220" type="method" name="replace" visibility="public" complexity="2" crap="2" count="2"/>
        <line num="222" type="stmt" count="2"/>
        <line num="223" type="stmt" count="1"/>
        <line num="226" type="stmt" count="1"/>
        <line num="227" type="stmt" count="1"/>
        <line num="229" type="stmt" count="1"/>
        <line num="232" type="stmt" count="1"/>
        <line num="242" type="method" name="get" visibility="public" complexity="2" crap="2" count="2"/>
        <line num="244" type="stmt" count="2"/>
        <line num="245" type="stmt" count="1"/>
        <line num="248" type="stmt" count="1"/>
        <line num="249" type="stmt" count="1"/>
        <line num="251" type="stmt" count="1"/>
        <line num="259" type="method" name="getAll" visibility="public" complexity="1" crap="1" count="10"/>
        <line num="261" type="stmt" count="10"/>
        <line num="268" type="method" name="getFirst" visibility="public" complexity="2" crap="2" count="3"/>
        <line num="270" type="stmt" count="3"/>
        <line num="272" type="stmt" count="3"/>
        <line num="279" type="method" name="getLast" visibility="public" complexity="2" crap="2" count="2"/>
        <line num="281" type="stmt" count="2"/>
        <line num="289" type="method" name="find" visibility="public" complexity="3" crap="3" count="1"/>
        <line num="291" type="stmt" count="1"/>
        <line num="292" type="stmt" count="1"/>
        <line num="293" type="stmt" count="1"/>
        <line num="297" type="stmt" count="1"/>
        <line num="307" type="method" name="drop" visibility="public" complexity="5" crap="5" count="3"/>
        <line num="309" type="stmt" count="3"/>
        <line num="310" type="stmt" count="1"/>
        <line num="311" type="stmt" count="3"/>
        <line num="313" type="stmt" count="2"/>
        <line num="314" type="stmt" count="2"/>
        <line num="315" type="stmt" count="2"/>
        <line num="321" type="stmt" count="1"/>
        <line num="322" type="stmt" count="1"/>
        <line num="324" type="stmt" count="1"/>
        <line num="327" type="stmt" count="2"/>
        <line num="336" type="method" name="slice" visibility="public" complexity="1" crap="1" count="1"/>
        <line num="338" type="stmt" count="1"/>
        <line num="340" type="stmt" count="1"/>
        <line num="347" type="method" name="purge" visibility="public" complexity="1" crap="1" count="27"/>
        <line num="349" type="stmt" count="27"/>
        <line num="351" type="stmt" count="27"/>
        <line num="359" type="method" name="reverse" visibility="public" complexity="1" crap="1" count="1"/>
        <line num="361" type="stmt" count="1"/>
        <line num="370" type="method" name="map" visibility="public" complexity="1" crap="1" count="1"/>
        <line num="372" type="stmt" count="1"/>
        <line num="374" type="stmt" count="1"/>
        <line num="376" type="stmt" count="1"/>
        <line num="385" type="method" name="filter" visibility="public" complexity="1" crap="1" count="1"/>
        <line num="387" type="stmt" count="1"/>
        <line num="389" type="stmt" count="1"/>
        <line num="400" type="method" name="__call" visibility="public" complexity="2" crap="2" count="5"/>
        <line num="402" type="stmt" count="5"/>
        <line num="403" type="stmt" count="4"/>
        <line num="407" type="stmt" count="1"/>
        <line num="408" type="stmt" count="1"/>
        <line num="410" type="stmt" count="1"/>
        <metrics loc="412" ncloc="245" classes="1" methods="25" coveredmethods="25" conditionals="0" coveredconditionals="0" statements="81" coveredstatements="81" elements="106" coveredelements="106"/>
      </file>
      <file name="/home/adrien/Projects/Librairies/PHPCollection/src/CollectionException.php">
        <class name="AdrienM\Collection\CollectionException" namespace="AdrienM\Collection">
          <metrics complexity="0" methods="0" coveredmethods="0" conditionals="0" coveredconditionals="0" statements="0" coveredstatements="0" elements="0" coveredelements="0"/>
        </class>
        <metrics loc="9" ncloc="9" classes="0" methods="0" coveredmethods="0" conditionals="0" coveredconditionals="0" statements="0" coveredstatements="0" elements="0" coveredelements="0"/>
      </file>
    </package>
    <metrics files="2" loc="421" ncloc="254" classes="1" methods="25" coveredmethods="25" conditionals="0" coveredconditionals="0" statements="81" coveredstatements="81" elements="106" coveredelements="106"/>
  </project>
</coverage>
